25-04-2020 11:01:34 INFO: Bot Started!
25-04-2020 11:01:38 INFO: Sucesso ao entrar na conta IQ Option
25-04-2020 11:01:38 INFO: Ativo definido como GBPJPY-OTC
25-04-2020 11:01:38 INFO: Timeframe definido para 5 minutos
25-04-2020 11:01:40 INFO: Sucesso ao entrar na conta IQ Option
25-04-2020 11:01:40 INFO: Ativo definido como GBPJPY-OTC
25-04-2020 11:01:40 INFO: Timeframe definido para 5 minutos
25-04-2020 11:01:42 INFO: Sucesso ao entrar na conta IQ Option
25-04-2020 11:01:42 INFO: Ativo definido como USDJPY-OTC
25-04-2020 11:01:42 INFO: Timeframe definido para 5 minutos
25-04-2020 11:01:44 INFO: Sucesso ao entrar na conta IQ Option
25-04-2020 11:01:44 INFO: Ativo definido como USDJPY-OTC
25-04-2020 11:01:44 INFO: Timeframe definido para 5 minutos
25-04-2020 11:02:11 INFO: Bot Started!
25-04-2020 11:02:14 INFO: Sucesso ao entrar na conta IQ Option
25-04-2020 11:02:14 INFO: Ativo definido como GBPJPY-OTC
25-04-2020 11:02:14 INFO: Timeframe definido para 5 minutos
25-04-2020 11:02:16 INFO: Sucesso ao entrar na conta IQ Option
25-04-2020 11:02:16 INFO: Ativo definido como GBPJPY-OTC
25-04-2020 11:02:16 INFO: Timeframe definido para 5 minutos
25-04-2020 11:02:18 INFO: Sucesso ao entrar na conta IQ Option
25-04-2020 11:02:18 INFO: Ativo definido como USDJPY-OTC
25-04-2020 11:02:18 INFO: Timeframe definido para 5 minutos
25-04-2020 11:02:19 INFO: Sucesso ao entrar na conta IQ Option
25-04-2020 11:02:19 INFO: Ativo definido como USDJPY-OTC
25-04-2020 11:02:19 INFO: Timeframe definido para 5 minutos
25-04-2020 11:02:21 INFO: Sucesso ao entrar na conta IQ Option
25-04-2020 11:02:21 INFO: Ativo definido como EURUSD-OTC
25-04-2020 11:02:21 INFO: Timeframe definido para 5 minutos
25-04-2020 11:02:54 INFO: Running job Every 1 day at 11:02:54 do run_threaded(<bound method IQOption.buy of <iqoption.IQOption object at 0x114de6080>>) (last run: [never], next run: 2020-04-25 11:02:54)
25-04-2020 11:02:58 INFO: Ativo encontrado
25-04-2020 11:02:58 ERROR: Error ao executar trade.
25-04-2020 11:04:35 INFO: Bot Started!
25-04-2020 11:04:38 INFO: Sucesso ao entrar na conta IQ Option
25-04-2020 11:04:38 INFO: Ativo definido como GBPJPY-OTC
25-04-2020 11:04:38 INFO: Timeframe definido para 5 minutos
25-04-2020 11:04:39 INFO: Sucesso ao entrar na conta IQ Option
25-04-2020 11:04:39 INFO: Ativo definido como GBPJPY-OTC
25-04-2020 11:04:39 INFO: Timeframe definido para 5 minutos
25-04-2020 11:04:41 INFO: Sucesso ao entrar na conta IQ Option
25-04-2020 11:04:41 INFO: Ativo definido como USDJPY-OTC
25-04-2020 11:04:41 INFO: Timeframe definido para 5 minutos
25-04-2020 11:04:43 INFO: Sucesso ao entrar na conta IQ Option
25-04-2020 11:04:43 INFO: Ativo definido como USDJPY-OTC
25-04-2020 11:04:43 INFO: Timeframe definido para 5 minutos
25-04-2020 11:04:44 INFO: Sucesso ao entrar na conta IQ Option
25-04-2020 11:04:44 INFO: Ativo definido como EURUSD-OTC
25-04-2020 11:04:44 INFO: Timeframe definido para 5 minutos
25-04-2020 11:04:54 INFO: Running job Every 1 day at 11:04:54 do run_threaded(<bound method IQOption.buy of <iqoption.IQOption object at 0x10e9f20b8>>) (last run: [never], next run: 2020-04-25 11:04:54)
25-04-2020 11:04:58 INFO: Ativo encontrado
25-04-2020 11:04:58 ERROR: Error ao executar trade.
25-04-2020 11:04:58 ERROR: Traceback (most recent call last):
  File "/Users/rpuggian/repos/pessoal/binarybot/iqoption.py", line 70, in buy
    _, ordem_id = self.api.buy(self.entrada, self.ativo, self.direcao, self.timeframe)
  File "/Users/rpuggian/.pyenv/versions/3.7.2/lib/python3.7/site-packages/iqoptionapi-6.8.9.1-py3.7.egg/iqoptionapi/stable_api.py", line 810, in buy
    price, OP_code.ACTIVES[ACTIVES], ACTION, expirations, req_id)
KeyError: 'GBPJPY-OTC'

25-04-2020 11:44:54 INFO: Running job Every 1 day at 11:44:54 do run_threaded(<bound method IQOption.buy of <iqoption.IQOption object at 0x10e9e54e0>>) (last run: [never], next run: 2020-04-25 11:44:54)
25-04-2020 11:45:01 INFO: Ativo encontrado
25-04-2020 11:45:01 ERROR: Error ao executar trade.
25-04-2020 11:45:01 ERROR: Traceback (most recent call last):
  File "/Users/rpuggian/repos/pessoal/binarybot/iqoption.py", line 70, in buy
    _, ordem_id = self.api.buy(self.entrada, self.ativo, self.direcao, self.timeframe)
  File "/Users/rpuggian/.pyenv/versions/3.7.2/lib/python3.7/site-packages/iqoptionapi-6.8.9.1-py3.7.egg/iqoptionapi/stable_api.py", line 810, in buy
    price, OP_code.ACTIVES[ACTIVES], ACTION, expirations, req_id)
KeyError: 'GBPJPY-OTC'

25-04-2020 12:44:54 INFO: Running job Every 1 day at 12:44:54 do run_threaded(<bound method IQOption.buy of <iqoption.IQOption object at 0x10ea33f60>>) (last run: [never], next run: 2020-04-25 12:44:54)
25-04-2020 12:45:07 ERROR: O ativo USDJPY-OTC nao foi encontrado
25-04-2020 13:29:54 INFO: Running job Every 1 day at 13:29:54 do run_threaded(<bound method IQOption.buy of <iqoption.IQOption object at 0x10ea33da0>>) (last run: [never], next run: 2020-04-25 13:29:54)
25-04-2020 13:30:03 ERROR: O ativo USDJPY-OTC nao foi encontrado
25-04-2020 13:44:54 INFO: Running job Every 1 day at 13:44:54 do run_threaded(<bound method IQOption.buy of <iqoption.IQOption object at 0x10ea338d0>>) (last run: [never], next run: 2020-04-25 13:44:54)
25-04-2020 13:45:04 INFO: Ativo encontrado
25-04-2020 13:55:00 INFO: Ativo:EURUSD-OTC, Valor:2.0, Result:WIN
