26-04-2020 07:58:48 INFO: Bot Started!
26-04-2020 07:58:48 INFO: Programming Orders...
26-04-2020 07:58:51 INFO: Ativo definido como EURGBP-OTC
26-04-2020 07:58:51 INFO: Timeframe definido para 5 minutos
26-04-2020 07:58:51 INFO: Trade Programado-->Ativo:EURGBP-OTC, Entrada:08:14:54, Action:PUT, Valor:2 ✅
26-04-2020 07:58:52 INFO: Ativo definido como EURGBP-OTC
26-04-2020 07:58:52 INFO: Timeframe definido para 5 minutos
26-04-2020 07:58:52 INFO: Trade Programado-->Ativo:EURGBP-OTC, Entrada:10:29:54, Action:PUT, Valor:2 ✅
26-04-2020 07:58:54 INFO: Ativo definido como EURUSD-OTC
26-04-2020 07:58:54 INFO: Timeframe definido para 5 minutos
26-04-2020 07:58:54 INFO: Trade Programado-->Ativo:EURUSD-OTC, Entrada:10:14:54, Action:PUT, Valor:2 ✅
26-04-2020 07:58:56 INFO: Ativo definido como EURUSD-OTC
26-04-2020 07:58:56 INFO: Timeframe definido para 5 minutos
26-04-2020 07:58:56 INFO: Trade Programado-->Ativo:EURUSD-OTC, Entrada:11:59:54, Action:PUT, Valor:2 ✅
26-04-2020 07:58:58 INFO: Ativo definido como GBPJPY-OTC
26-04-2020 07:58:58 INFO: Timeframe definido para 5 minutos
26-04-2020 07:58:58 INFO: Trade Programado-->Ativo:GBPJPY-OTC, Entrada:12:14:54, Action:PUT, Valor:2 ✅
26-04-2020 07:58:59 INFO: Ativo definido como EURUSD-OTC
26-04-2020 07:58:59 INFO: Timeframe definido para 5 minutos
26-04-2020 07:58:59 INFO: Trade Programado-->Ativo:EURUSD-OTC, Entrada:12:59:54, Action:PUT, Valor:2 ✅
26-04-2020 07:59:01 INFO: Ativo definido como EURGBP-OTC
26-04-2020 07:59:01 INFO: Timeframe definido para 5 minutos
26-04-2020 07:59:01 INFO: Trade Programado-->Ativo:EURGBP-OTC, Entrada:13:14:54, Action:PUT, Valor:2 ✅
26-04-2020 07:59:03 INFO: Ativo definido como GBPJPY-OTC
26-04-2020 07:59:03 INFO: Timeframe definido para 5 minutos
26-04-2020 07:59:03 INFO: Trade Programado-->Ativo:GBPJPY-OTC, Entrada:15:14:54, Action:PUT, Valor:2 ✅
26-04-2020 07:59:03 INFO: Processing Orders...
26-04-2020 08:14:54 INFO: Running job Every 1 day at 08:14:54 do run_threaded(<bound method IQOption.buy of <iqoption.IQOption object at 0x10c182f98>>) (last run: [never], next run: 2020-04-26 08:14:54)
26-04-2020 08:15:05 INFO: Ativo encontrado
26-04-2020 08:15:05 INFO: Executing programmed trade, paper:EURGBP-OTC, action:PUT, value:2.0, exp:5min
26-04-2020 08:19:54 INFO: WIN: paper:EURGBP-OTC, action:PUT, value:2.0
26-04-2020 08:19:54 INFO: New balance: $22.15
26-04-2020 08:19:54 INFO: Processing Orders...
26-04-2020 10:14:54 INFO: Running job Every 1 day at 10:14:54 do run_threaded(<bound method IQOption.buy of <iqoption.IQOption object at 0x10c179080>>) (last run: [never], next run: 2020-04-26 10:14:54)
26-04-2020 10:15:02 INFO: Ativo encontrado
26-04-2020 10:15:02 INFO: Executing programmed trade, paper:EURUSD-OTC, action:PUT, value:2.0, exp:5min
26-04-2020 10:19:55 INFO: WIN: paper:EURUSD-OTC, action:PUT, value:2.0
26-04-2020 10:19:56 INFO: New balance: $23.89
26-04-2020 10:19:56 INFO: Processing Orders...
26-04-2020 10:29:54 INFO: Running job Every 1 day at 10:29:54 do run_threaded(<bound method IQOption.buy of <iqoption.IQOption object at 0x10c1792b0>>) (last run: [never], next run: 2020-04-26 10:29:54)
26-04-2020 10:30:02 INFO: Ativo encontrado
26-04-2020 10:30:02 INFO: Executing programmed trade, paper:EURGBP-OTC, action:PUT, value:2.0, exp:5min
26-04-2020 10:34:56 INFO: LOST: paper:EURGBP-OTC, action:PUT, value:2.0
26-04-2020 10:34:56 INFO: Initializing Martingale paper:EURGBP-OTC, action:PUT, value:2.0
26-04-2020 10:34:56 INFO: Executing programmed trade, paper:EURGBP-OTC, action:PUT, value:4.0, exp:5min
26-04-2020 10:39:55 INFO: WIN: paper:EURGBP-OTC, action:PUT, value:4.0
26-04-2020 10:39:56 INFO: New balance: $25.37
26-04-2020 10:39:56 INFO: Processing Orders...
26-04-2020 11:59:54 INFO: Running job Every 1 day at 11:59:54 do run_threaded(<bound method IQOption.buy of <iqoption.IQOption object at 0x10c1c5a20>>) (last run: [never], next run: 2020-04-26 11:59:54)
26-04-2020 12:00:02 INFO: Ativo encontrado
26-04-2020 12:00:02 INFO: Executing programmed trade, paper:EURUSD-OTC, action:PUT, value:2.0, exp:5min
26-04-2020 12:04:56 INFO: LOST: paper:EURUSD-OTC, action:PUT, value:2.0
26-04-2020 12:04:56 INFO: Initializing Martingale paper:EURUSD-OTC, action:PUT, value:2.0
26-04-2020 12:04:56 INFO: Executing programmed trade, paper:EURUSD-OTC, action:PUT, value:4.0, exp:5min
26-04-2020 12:09:56 INFO: LOST: paper:EURUSD-OTC, action:PUT, value:2.0
26-04-2020 12:09:57 INFO: New balance: $19.37
26-04-2020 12:09:57 INFO: Processing Orders...
26-04-2020 12:14:54 INFO: Running job Every 1 day at 12:14:54 do run_threaded(<bound method IQOption.buy of <iqoption.IQOption object at 0x10c1c5630>>) (last run: [never], next run: 2020-04-26 12:14:54)
26-04-2020 12:15:02 INFO: Ativo encontrado
26-04-2020 12:15:02 INFO: Executing programmed trade, paper:GBPJPY-OTC, action:PUT, value:2.0, exp:5min
26-04-2020 12:15:02 ERROR: Error on execute order. paper:GBPJPY-OTC, action:PUT, value:2.0
26-04-2020 12:15:02 ERROR: Traceback (most recent call last):
  File "/Users/rpuggian/repos/pessoal/binarybot/iqoption.py", line 75, in buy
    _, order_id = self.api.buy(self.entrada, self.ativo, self.direcao, self.timeframe)
  File "/Users/rpuggian/.pyenv/versions/3.7.2/lib/python3.7/site-packages/iqoptionapi-6.8.9.1-py3.7.egg/iqoptionapi/stable_api.py", line 810, in buy
    price, OP_code.ACTIVES[ACTIVES], ACTION, expirations, req_id)
KeyError: 'GBPJPY-OTC'

26-04-2020 12:15:03 INFO: New balance: $19.37
26-04-2020 12:15:03 INFO: Processing Orders...
26-04-2020 12:59:54 INFO: Running job Every 1 day at 12:59:54 do run_threaded(<bound method IQOption.buy of <iqoption.IQOption object at 0x10c1db828>>) (last run: [never], next run: 2020-04-26 12:59:54)
26-04-2020 13:00:02 INFO: Ativo encontrado
26-04-2020 13:00:02 INFO: Executing programmed trade, paper:EURUSD-OTC, action:PUT, value:2.0, exp:5min
26-04-2020 13:04:57 INFO: LOST: paper:EURUSD-OTC, action:PUT, value:2.0
26-04-2020 13:04:57 INFO: Initializing Martingale paper:EURUSD-OTC, action:PUT, value:2.0
26-04-2020 13:04:57 INFO: Executing programmed trade, paper:EURUSD-OTC, action:PUT, value:4.0, exp:5min
26-04-2020 13:09:57 INFO: LOST: paper:EURUSD-OTC, action:PUT, value:2.0
26-04-2020 13:09:57 INFO: New balance: $13.37
26-04-2020 13:09:57 INFO: Processing Orders...
26-04-2020 13:14:54 INFO: Running job Every 1 day at 13:14:54 do run_threaded(<bound method IQOption.buy of <iqoption.IQOption object at 0x10c1c5588>>) (last run: [never], next run: 2020-04-26 13:14:54)
26-04-2020 13:15:02 INFO: Ativo encontrado
26-04-2020 13:15:02 INFO: Executing programmed trade, paper:EURGBP-OTC, action:PUT, value:2.0, exp:5min
26-04-2020 13:19:57 INFO: LOST: paper:EURGBP-OTC, action:PUT, value:2.0
26-04-2020 13:19:57 INFO: Initializing Martingale paper:EURGBP-OTC, action:PUT, value:2.0
26-04-2020 13:19:57 INFO: Executing programmed trade, paper:EURGBP-OTC, action:PUT, value:4.0, exp:5min
26-04-2020 13:24:57 INFO: LOST: paper:EURGBP-OTC, action:PUT, value:2.0
26-04-2020 13:24:57 INFO: New balance: $7.37
26-04-2020 13:24:57 INFO: Processing Orders...
26-04-2020 14:36:41 INFO: Bot Started!
26-04-2020 14:36:50 INFO: Programming Orders...
26-04-2020 14:36:54 INFO: Ativo definido como EURGBP-OTC
26-04-2020 14:36:54 INFO: Timeframe definido para 5 minutos
26-04-2020 14:36:54 INFO: Trade programmed: paper:EURGBP-OTC, exp:08:14:54, action:PUT, value:2 ✅
26-04-2020 14:36:55 INFO: Ativo definido como EURGBP-OTC
26-04-2020 14:36:55 INFO: Timeframe definido para 5 minutos
26-04-2020 14:36:55 INFO: Trade programmed: paper:EURGBP-OTC, exp:10:29:54, action:PUT, value:2 ✅
26-04-2020 14:36:57 INFO: Ativo definido como EURUSD-OTC
26-04-2020 14:36:57 INFO: Timeframe definido para 5 minutos
26-04-2020 14:36:57 INFO: Trade programmed: paper:EURUSD-OTC, exp:10:14:54, action:PUT, value:2 ✅
26-04-2020 14:37:00 INFO: Ativo definido como EURUSD-OTC
26-04-2020 14:37:00 INFO: Timeframe definido para 5 minutos
26-04-2020 14:37:00 INFO: Trade programmed: paper:EURUSD-OTC, exp:11:59:54, action:PUT, value:2 ✅
26-04-2020 14:37:01 INFO: Ativo definido como GBPJPY-OTC
26-04-2020 14:37:01 INFO: Timeframe definido para 5 minutos
26-04-2020 14:37:01 INFO: Trade programmed: paper:GBPJPY-OTC, exp:12:14:54, action:PUT, value:2 ✅
26-04-2020 14:37:03 INFO: Ativo definido como EURUSD-OTC
26-04-2020 14:37:03 INFO: Timeframe definido para 5 minutos
26-04-2020 14:37:03 INFO: Trade programmed: paper:EURUSD-OTC, exp:12:59:54, action:PUT, value:2 ✅
26-04-2020 14:37:04 INFO: Ativo definido como EURGBP-OTC
26-04-2020 14:37:04 INFO: Timeframe definido para 5 minutos
26-04-2020 14:37:04 INFO: Trade programmed: paper:EURGBP-OTC, exp:13:14:54, action:PUT, value:2 ✅
26-04-2020 14:37:06 INFO: Ativo definido como GBPJPY-OTC
26-04-2020 14:37:06 INFO: Timeframe definido para 5 minutos
26-04-2020 14:37:06 INFO: Trade programmed: paper:GBPJPY-OTC, exp:15:14:54, action:PUT, value:2 ✅
26-04-2020 14:37:06 INFO: 
Processing Orders...
26-04-2020 14:37:52 INFO: Bot Started!
26-04-2020 14:38:02 INFO: Programming Orders...
26-04-2020 14:38:04 INFO: Ativo definido como EURGBP-OTC
26-04-2020 14:38:04 INFO: Timeframe definido para 5 minutos
26-04-2020 14:38:04 INFO: Trade programmed: paper:EURGBP-OTC, exp:14:38:54, action:PUT, value:2 ✅
26-04-2020 14:38:06 INFO: Ativo definido como EURGBP-OTC
26-04-2020 14:38:06 INFO: Timeframe definido para 5 minutos
26-04-2020 14:38:06 INFO: Trade programmed: paper:EURGBP-OTC, exp:10:29:54, action:PUT, value:2 ✅
26-04-2020 14:38:08 INFO: Ativo definido como EURUSD-OTC
26-04-2020 14:38:08 INFO: Timeframe definido para 5 minutos
26-04-2020 14:38:08 INFO: Trade programmed: paper:EURUSD-OTC, exp:10:14:54, action:PUT, value:2 ✅
26-04-2020 14:38:09 INFO: Ativo definido como EURUSD-OTC
26-04-2020 14:38:09 INFO: Timeframe definido para 5 minutos
26-04-2020 14:38:09 INFO: Trade programmed: paper:EURUSD-OTC, exp:11:59:54, action:PUT, value:2 ✅
26-04-2020 14:38:11 INFO: Ativo definido como GBPJPY-OTC
26-04-2020 14:38:11 INFO: Timeframe definido para 5 minutos
26-04-2020 14:38:11 INFO: Trade programmed: paper:GBPJPY-OTC, exp:12:14:54, action:PUT, value:2 ✅
26-04-2020 14:38:12 INFO: Ativo definido como EURUSD-OTC
26-04-2020 14:38:12 INFO: Timeframe definido para 5 minutos
26-04-2020 14:38:12 INFO: Trade programmed: paper:EURUSD-OTC, exp:12:59:54, action:PUT, value:2 ✅
26-04-2020 14:38:14 INFO: Ativo definido como EURGBP-OTC
26-04-2020 14:38:14 INFO: Timeframe definido para 5 minutos
26-04-2020 14:38:14 INFO: Trade programmed: paper:EURGBP-OTC, exp:13:14:54, action:PUT, value:2 ✅
26-04-2020 14:38:15 INFO: Ativo definido como GBPJPY-OTC
26-04-2020 14:38:15 INFO: Timeframe definido para 5 minutos
26-04-2020 14:38:15 INFO: Trade programmed: paper:GBPJPY-OTC, exp:15:14:54, action:PUT, value:2 ✅
26-04-2020 14:38:15 INFO: 
Processing Orders...
26-04-2020 14:38:54 INFO: Running job Every 1 day at 14:38:54 do buy() (last run: [never], next run: 2020-04-26 14:38:54)
26-04-2020 14:53:51 INFO: Bot Started!
26-04-2020 14:54:22 INFO: Bot Started!
26-04-2020 14:54:26 INFO: Programming Orders...
26-04-2020 14:54:26 INFO: Ativo definido como EURGBP-OTC
26-04-2020 14:54:26 INFO: Timeframe definido para 5 minutos
26-04-2020 14:54:26 INFO: Trade programmed: paper:EURGBP-OTC, exp:14:53:54, action:PUT, value:2 ✅
26-04-2020 14:54:26 INFO: Ativo definido como EURGBP-OTC
26-04-2020 14:54:26 INFO: Timeframe definido para 5 minutos
26-04-2020 14:54:26 INFO: Trade programmed: paper:EURGBP-OTC, exp:14:54:54, action:PUT, value:2 ✅
26-04-2020 14:54:26 INFO: Ativo definido como EURUSD-OTC
26-04-2020 14:54:26 INFO: Timeframe definido para 5 minutos
26-04-2020 14:54:26 INFO: Trade programmed: paper:EURUSD-OTC, exp:10:14:54, action:PUT, value:2 ✅
26-04-2020 14:54:26 INFO: Ativo definido como EURUSD-OTC
26-04-2020 14:54:26 INFO: Timeframe definido para 5 minutos
26-04-2020 14:54:26 INFO: Trade programmed: paper:EURUSD-OTC, exp:11:59:54, action:PUT, value:2 ✅
26-04-2020 14:54:26 INFO: Ativo definido como GBPJPY-OTC
26-04-2020 14:54:26 INFO: Timeframe definido para 5 minutos
26-04-2020 14:54:26 INFO: Trade programmed: paper:GBPJPY-OTC, exp:12:14:54, action:PUT, value:2 ✅
26-04-2020 14:54:26 INFO: Ativo definido como EURUSD-OTC
26-04-2020 14:54:26 INFO: Timeframe definido para 5 minutos
26-04-2020 14:54:26 INFO: Trade programmed: paper:EURUSD-OTC, exp:12:59:54, action:PUT, value:2 ✅
26-04-2020 14:54:26 INFO: Ativo definido como EURGBP-OTC
26-04-2020 14:54:26 INFO: Timeframe definido para 5 minutos
26-04-2020 14:54:26 INFO: Trade programmed: paper:EURGBP-OTC, exp:13:14:54, action:PUT, value:2 ✅
26-04-2020 14:54:26 INFO: Ativo definido como GBPJPY-OTC
26-04-2020 14:54:26 INFO: Timeframe definido para 5 minutos
26-04-2020 14:54:26 INFO: Trade programmed: paper:GBPJPY-OTC, exp:15:14:54, action:PUT, value:2 ✅
26-04-2020 14:54:26 INFO: 
Processing Orders...
26-04-2020 14:54:54 INFO: Running job Every 1 day at 14:54:54 do buy() (last run: [never], next run: 2020-04-26 14:54:54)
26-04-2020 14:54:58 INFO: Ativo encontrado
26-04-2020 14:54:58 INFO: Executing programmed trade, paper:EURGBP-OTC, action:PUT, value:2.0, exp:5min
26-04-2020 19:18:43 INFO: Bot Started!
26-04-2020 19:18:46 INFO: Conected: IQ Option!
26-04-2020 19:20:54 INFO: Bot Started!
26-04-2020 19:20:57 INFO: Conected: IQ Option!
26-04-2020 19:20:57 INFO: Original balance: $ 6642.56
26-04-2020 19:21:58 INFO: Bot Started!
26-04-2020 19:22:01 INFO: Conected: IQ Option!
26-04-2020 19:22:03 INFO: Original balance: $ 6642.56
26-04-2020 19:22:06 INFO: Programming Orders...
26-04-2020 19:22:41 INFO: Bot Started!
26-04-2020 19:22:44 INFO: Conected: IQ Option!
26-04-2020 19:22:45 INFO: Original balance: $ 6642.56
26-04-2020 19:22:50 INFO: Programming Orders...
26-04-2020 19:22:50 INFO: Ativo definido como EURGBP-OTC
26-04-2020 19:22:50 INFO: Timeframe definido para 5 minutos
26-04-2020 19:22:50 INFO: Trade programmed: paper:EURGBP-OTC, exp:19:22:50, action:PUT, value:2 ✅
26-04-2020 19:22:50 INFO: Ativo definido como EURGBP-OTC
26-04-2020 19:22:50 INFO: Timeframe definido para 5 minutos
26-04-2020 19:22:50 INFO: Trade programmed: paper:EURGBP-OTC, exp:14:54:50, action:PUT, value:2 ✅
26-04-2020 19:22:50 INFO: Ativo definido como EURUSD-OTC
26-04-2020 19:22:50 INFO: Timeframe definido para 5 minutos
26-04-2020 19:22:50 INFO: Trade programmed: paper:EURUSD-OTC, exp:10:14:50, action:PUT, value:2 ✅
26-04-2020 19:22:50 INFO: Ativo definido como EURUSD-OTC
26-04-2020 19:22:50 INFO: Timeframe definido para 5 minutos
26-04-2020 19:22:50 INFO: Trade programmed: paper:EURUSD-OTC, exp:11:59:50, action:PUT, value:2 ✅
26-04-2020 19:22:50 INFO: Ativo definido como GBPJPY-OTC
26-04-2020 19:22:50 INFO: Timeframe definido para 5 minutos
26-04-2020 19:22:50 INFO: Trade programmed: paper:GBPJPY-OTC, exp:12:14:50, action:PUT, value:2 ✅
26-04-2020 19:22:50 INFO: Ativo definido como EURUSD-OTC
26-04-2020 19:22:50 INFO: Timeframe definido para 5 minutos
26-04-2020 19:22:50 INFO: Trade programmed: paper:EURUSD-OTC, exp:12:59:50, action:PUT, value:2 ✅
26-04-2020 19:22:50 INFO: Ativo definido como EURGBP-OTC
26-04-2020 19:22:50 INFO: Timeframe definido para 5 minutos
26-04-2020 19:22:50 INFO: Trade programmed: paper:EURGBP-OTC, exp:13:14:50, action:PUT, value:2 ✅
26-04-2020 19:22:50 INFO: Ativo definido como GBPJPY-OTC
26-04-2020 19:22:50 INFO: Timeframe definido para 5 minutos
26-04-2020 19:22:50 INFO: Trade programmed: paper:GBPJPY-OTC, exp:15:14:50, action:PUT, value:2 ✅
26-04-2020 19:22:50 INFO: 
Processing Orders...
26-04-2020 19:23:46 INFO: Bot Started!
26-04-2020 19:23:50 INFO: Conected: IQ Option!
26-04-2020 19:23:50 INFO: Original balance: $ 6642.56
26-04-2020 19:23:59 INFO: Programming Orders...
26-04-2020 19:23:59 INFO: Ativo definido como EURGBP-OTC
26-04-2020 19:23:59 INFO: Timeframe definido para 5 minutos
26-04-2020 19:23:59 INFO: Trade programmed: paper:EURGBP-OTC, exp:19:24:50, action:PUT, value:2 ✅
26-04-2020 19:23:59 INFO: Ativo definido como EURGBP-OTC
26-04-2020 19:23:59 INFO: Timeframe definido para 5 minutos
26-04-2020 19:23:59 INFO: Trade programmed: paper:EURGBP-OTC, exp:14:54:50, action:PUT, value:2 ✅
26-04-2020 19:23:59 INFO: Ativo definido como EURUSD-OTC
26-04-2020 19:23:59 INFO: Timeframe definido para 5 minutos
26-04-2020 19:23:59 INFO: Trade programmed: paper:EURUSD-OTC, exp:10:14:50, action:PUT, value:2 ✅
26-04-2020 19:23:59 INFO: Ativo definido como EURUSD-OTC
26-04-2020 19:23:59 INFO: Timeframe definido para 5 minutos
26-04-2020 19:23:59 INFO: Trade programmed: paper:EURUSD-OTC, exp:11:59:50, action:PUT, value:2 ✅
26-04-2020 19:23:59 INFO: Ativo definido como GBPJPY-OTC
26-04-2020 19:23:59 INFO: Timeframe definido para 5 minutos
26-04-2020 19:23:59 INFO: Trade programmed: paper:GBPJPY-OTC, exp:12:14:50, action:PUT, value:2 ✅
26-04-2020 19:23:59 INFO: Ativo definido como EURUSD-OTC
26-04-2020 19:23:59 INFO: Timeframe definido para 5 minutos
26-04-2020 19:23:59 INFO: Trade programmed: paper:EURUSD-OTC, exp:12:59:50, action:PUT, value:2 ✅
26-04-2020 19:23:59 INFO: Ativo definido como EURGBP-OTC
26-04-2020 19:23:59 INFO: Timeframe definido para 5 minutos
26-04-2020 19:23:59 INFO: Trade programmed: paper:EURGBP-OTC, exp:13:14:50, action:PUT, value:2 ✅
26-04-2020 19:23:59 INFO: Ativo definido como GBPJPY-OTC
26-04-2020 19:23:59 INFO: Timeframe definido para 5 minutos
26-04-2020 19:23:59 INFO: Trade programmed: paper:GBPJPY-OTC, exp:15:14:50, action:PUT, value:2 ✅
26-04-2020 19:23:59 INFO: 
Processing Orders...
26-04-2020 19:24:50 INFO: Running job Every 1 day at 19:24:50 do buy() (last run: [never], next run: 2020-04-26 19:24:50)
26-04-2020 19:25:02 INFO: Ativo encontrado
26-04-2020 19:25:02 INFO: Executing programmed trade, paper:EURGBP-OTC, action:PUT, value:2.0, exp:5min
26-04-2020 19:26:34 INFO: Bot Started!
26-04-2020 19:26:38 INFO: Conected: IQ Option!
26-04-2020 19:26:38 INFO: Original balance: $ 6640.56
26-04-2020 19:26:41 INFO: Programming Orders...
26-04-2020 19:26:41 INFO: Ativo definido como EURGBP-OTC
26-04-2020 19:26:41 INFO: Timeframe definido para 5 minutos
26-04-2020 19:26:41 INFO: Trade programmed: paper:EURGBP-OTC, exp:19:26:50, action:PUT, value:2 ✅
26-04-2020 19:26:41 INFO: Ativo definido como EURGBP-OTC
26-04-2020 19:26:41 INFO: Timeframe definido para 5 minutos
26-04-2020 19:26:41 INFO: Trade programmed: paper:EURGBP-OTC, exp:14:54:50, action:PUT, value:2 ✅
26-04-2020 19:26:41 INFO: Ativo definido como EURUSD-OTC
26-04-2020 19:26:41 INFO: Timeframe definido para 5 minutos
26-04-2020 19:26:41 INFO: Trade programmed: paper:EURUSD-OTC, exp:10:14:50, action:PUT, value:2 ✅
26-04-2020 19:26:41 INFO: Ativo definido como EURUSD-OTC
26-04-2020 19:26:41 INFO: Timeframe definido para 5 minutos
26-04-2020 19:26:41 INFO: Trade programmed: paper:EURUSD-OTC, exp:11:59:50, action:PUT, value:2 ✅
26-04-2020 19:26:41 INFO: Ativo definido como GBPJPY-OTC
26-04-2020 19:26:41 INFO: Timeframe definido para 5 minutos
26-04-2020 19:26:41 INFO: Trade programmed: paper:GBPJPY-OTC, exp:12:14:50, action:PUT, value:2 ✅
26-04-2020 19:26:41 INFO: Ativo definido como EURUSD-OTC
26-04-2020 19:26:41 INFO: Timeframe definido para 5 minutos
26-04-2020 19:26:41 INFO: Trade programmed: paper:EURUSD-OTC, exp:12:59:50, action:PUT, value:2 ✅
26-04-2020 19:26:41 INFO: Ativo definido como EURGBP-OTC
26-04-2020 19:26:41 INFO: Timeframe definido para 5 minutos
26-04-2020 19:26:41 INFO: Trade programmed: paper:EURGBP-OTC, exp:13:14:50, action:PUT, value:2 ✅
26-04-2020 19:26:41 INFO: Ativo definido como GBPJPY-OTC
26-04-2020 19:26:41 INFO: Timeframe definido para 5 minutos
26-04-2020 19:26:41 INFO: Trade programmed: paper:GBPJPY-OTC, exp:15:14:50, action:PUT, value:2 ✅
26-04-2020 19:26:41 INFO: 
Processing Orders...
26-04-2020 19:27:01 INFO: Bot Started!
26-04-2020 19:27:05 INFO: Conected: IQ Option!
26-04-2020 19:27:05 INFO: Original balance: $ 6640.56
26-04-2020 19:27:07 INFO: Programming Orders...
26-04-2020 19:27:07 INFO: Ativo definido como EURGBP-OTC
26-04-2020 19:27:07 INFO: Timeframe definido para 5 minutos
26-04-2020 19:27:07 INFO: Trade programmed: paper:EURGBP-OTC, exp:19:27:50, action:PUT, value:2 ✅
26-04-2020 19:27:07 INFO: Ativo definido como EURGBP-OTC
26-04-2020 19:27:07 INFO: Timeframe definido para 5 minutos
26-04-2020 19:27:07 INFO: Trade programmed: paper:EURGBP-OTC, exp:14:54:50, action:PUT, value:2 ✅
26-04-2020 19:27:07 INFO: Ativo definido como EURUSD-OTC
26-04-2020 19:27:07 INFO: Timeframe definido para 5 minutos
26-04-2020 19:27:07 INFO: Trade programmed: paper:EURUSD-OTC, exp:10:14:50, action:PUT, value:2 ✅
26-04-2020 19:27:07 INFO: Ativo definido como EURUSD-OTC
26-04-2020 19:27:07 INFO: Timeframe definido para 5 minutos
26-04-2020 19:27:07 INFO: Trade programmed: paper:EURUSD-OTC, exp:11:59:50, action:PUT, value:2 ✅
26-04-2020 19:27:07 INFO: Ativo definido como GBPJPY-OTC
26-04-2020 19:27:07 INFO: Timeframe definido para 5 minutos
26-04-2020 19:27:07 INFO: Trade programmed: paper:GBPJPY-OTC, exp:12:14:50, action:PUT, value:2 ✅
26-04-2020 19:27:07 INFO: Ativo definido como EURUSD-OTC
26-04-2020 19:27:07 INFO: Timeframe definido para 5 minutos
26-04-2020 19:27:07 INFO: Trade programmed: paper:EURUSD-OTC, exp:12:59:50, action:PUT, value:2 ✅
26-04-2020 19:27:07 INFO: Ativo definido como EURGBP-OTC
26-04-2020 19:27:07 INFO: Timeframe definido para 5 minutos
26-04-2020 19:27:07 INFO: Trade programmed: paper:EURGBP-OTC, exp:13:14:50, action:PUT, value:2 ✅
26-04-2020 19:27:07 INFO: Ativo definido como GBPJPY-OTC
26-04-2020 19:27:07 INFO: Timeframe definido para 5 minutos
26-04-2020 19:27:07 INFO: Trade programmed: paper:GBPJPY-OTC, exp:15:14:50, action:PUT, value:2 ✅
26-04-2020 19:27:07 INFO: 
Processing Orders...
26-04-2020 19:27:50 INFO: Running job Every 1 day at 19:27:50 do buy() (last run: [never], next run: 2020-04-26 19:27:50)
26-04-2020 19:27:54 INFO: Ativo encontrado
26-04-2020 19:27:54 INFO: Executing programmed trade, paper:EURGBP-OTC, action:PUT, value:2.0, exp:5min
26-04-2020 19:28:44 INFO: Bot Started!
26-04-2020 19:28:50 INFO: Conected: IQ Option!
26-04-2020 19:28:50 INFO: Original balance: $ 6641.55
26-04-2020 19:28:56 INFO: Programming Orders...
26-04-2020 19:28:56 INFO: Ativo definido como EURGBP-OTC
26-04-2020 19:28:56 INFO: Timeframe definido para 5 minutos
26-04-2020 19:28:56 INFO: Trade programmed: paper:EURGBP-OTC, exp:19:29:45, action:PUT, value:2 ✅
26-04-2020 19:28:56 INFO: Ativo definido como EURGBP-OTC
26-04-2020 19:28:56 INFO: Timeframe definido para 5 minutos
26-04-2020 19:28:56 INFO: Trade programmed: paper:EURGBP-OTC, exp:14:54:45, action:PUT, value:2 ✅
26-04-2020 19:28:56 INFO: Ativo definido como EURUSD-OTC
26-04-2020 19:28:56 INFO: Timeframe definido para 5 minutos
26-04-2020 19:28:56 INFO: Trade programmed: paper:EURUSD-OTC, exp:10:14:45, action:PUT, value:2 ✅
26-04-2020 19:28:56 INFO: Ativo definido como EURUSD-OTC
26-04-2020 19:28:56 INFO: Timeframe definido para 5 minutos
26-04-2020 19:28:56 INFO: Trade programmed: paper:EURUSD-OTC, exp:11:59:45, action:PUT, value:2 ✅
26-04-2020 19:28:56 INFO: Ativo definido como GBPJPY-OTC
26-04-2020 19:28:56 INFO: Timeframe definido para 5 minutos
26-04-2020 19:28:56 INFO: Trade programmed: paper:GBPJPY-OTC, exp:12:14:45, action:PUT, value:2 ✅
26-04-2020 19:28:56 INFO: Ativo definido como EURUSD-OTC
26-04-2020 19:28:56 INFO: Timeframe definido para 5 minutos
26-04-2020 19:28:56 INFO: Trade programmed: paper:EURUSD-OTC, exp:12:59:45, action:PUT, value:2 ✅
26-04-2020 19:28:56 INFO: Ativo definido como EURGBP-OTC
26-04-2020 19:28:56 INFO: Timeframe definido para 5 minutos
26-04-2020 19:28:56 INFO: Trade programmed: paper:EURGBP-OTC, exp:13:14:45, action:PUT, value:2 ✅
26-04-2020 19:28:56 INFO: Ativo definido como GBPJPY-OTC
26-04-2020 19:28:56 INFO: Timeframe definido para 5 minutos
26-04-2020 19:28:56 INFO: Trade programmed: paper:GBPJPY-OTC, exp:15:14:45, action:PUT, value:2 ✅
26-04-2020 19:28:56 INFO: 
Processing Orders...
26-04-2020 19:29:45 INFO: Running job Every 1 day at 19:29:45 do buy() (last run: [never], next run: 2020-04-26 19:29:45)
26-04-2020 19:29:59 INFO: Ativo encontrado
26-04-2020 19:29:59 INFO: Executing programmed trade, paper:EURGBP-OTC, action:PUT, value:2.0, exp:5min
26-04-2020 19:31:10 INFO: Bot Started!
26-04-2020 19:31:13 INFO: Conected: IQ Option!
26-04-2020 19:31:13 INFO: Original balance: $ 6640.26
26-04-2020 19:31:17 INFO: Programming Orders...
26-04-2020 19:31:17 INFO: Ativo definido como EURGBP-OTC
26-04-2020 19:31:17 INFO: Timeframe definido para 5 minutos
26-04-2020 19:31:17 INFO: Trade programmed: paper:EURGBP-OTC, exp:19:31:45, action:PUT, value:2 ✅
26-04-2020 19:31:17 INFO: Ativo definido como EURGBP-OTC
26-04-2020 19:31:17 INFO: Timeframe definido para 5 minutos
26-04-2020 19:31:17 INFO: Trade programmed: paper:EURGBP-OTC, exp:19:32:45, action:PUT, value:2 ✅
26-04-2020 19:31:17 INFO: Ativo definido como EURUSD-OTC
26-04-2020 19:31:17 INFO: Timeframe definido para 5 minutos
26-04-2020 19:31:17 INFO: Trade programmed: paper:EURUSD-OTC, exp:19:33:45, action:PUT, value:2 ✅
26-04-2020 19:31:17 INFO: Ativo definido como EURUSD-OTC
26-04-2020 19:31:17 INFO: Timeframe definido para 5 minutos
26-04-2020 19:31:17 INFO: Trade programmed: paper:EURUSD-OTC, exp:11:59:45, action:PUT, value:2 ✅
26-04-2020 19:31:17 INFO: Ativo definido como GBPJPY-OTC
26-04-2020 19:31:17 INFO: Timeframe definido para 5 minutos
26-04-2020 19:31:17 INFO: Trade programmed: paper:GBPJPY-OTC, exp:12:14:45, action:PUT, value:2 ✅
26-04-2020 19:31:17 INFO: Ativo definido como EURUSD-OTC
26-04-2020 19:31:17 INFO: Timeframe definido para 5 minutos
26-04-2020 19:31:17 INFO: Trade programmed: paper:EURUSD-OTC, exp:12:59:45, action:PUT, value:2 ✅
26-04-2020 19:31:17 INFO: Ativo definido como EURGBP-OTC
26-04-2020 19:31:17 INFO: Timeframe definido para 5 minutos
26-04-2020 19:31:17 INFO: Trade programmed: paper:EURGBP-OTC, exp:13:14:45, action:PUT, value:2 ✅
26-04-2020 19:31:17 INFO: Ativo definido como GBPJPY-OTC
26-04-2020 19:31:17 INFO: Timeframe definido para 5 minutos
26-04-2020 19:31:17 INFO: Trade programmed: paper:GBPJPY-OTC, exp:15:14:45, action:PUT, value:2 ✅
26-04-2020 19:31:17 INFO: 
Processing Orders...
26-04-2020 19:31:45 INFO: Running job Every 1 day at 19:31:45 do buy() (last run: [never], next run: 2020-04-26 19:31:45)
26-04-2020 19:31:50 INFO: Ativo encontrado
26-04-2020 19:31:50 INFO: Executing programmed trade, paper:EURGBP-OTC, action:PUT, value:2.0, exp:5min
